[31m[Nest] 8108  - [39m30/06/2026, 10:12:44 p. m. [31m  ERROR[39m [38;5;3m[NestApplication] [39m[31mError: listen EADDRINUSE: address already in use :::3001[39m[38;5;3m +2ms[39m
node:net:2167
    const ex = new UVExceptionWithHostPort(err, 'listen', address, port);
               ^

Error: listen EADDRINUSE: address already in use :::3001
    at Server.setupListenHandle [as _listen2] (node:net:2167:16)
    at listenInCluster (node:net:2224:12)
    at Server.listen (node:net:2344:7)
    at ExpressAdapter.listen (C:\Users\Windows 10\Downloads\ColGnssWeb - copia\backend\node_modules\@nestjs\platform-express\adapters\express-adapter.js:95:32)
    at C:\Users\Windows 10\Downloads\ColGnssWeb - copia\backend\node_modules\@nestjs\core\nest-application.js:183:30
    at new Promise (<anonymous>)
    at NestApplication.listen (C:\Users\Windows 10\Downloads\ColGnssWeb - copia\backend\node_modules\@nestjs\core\nest-application.js:173:16)
    at async bootstrap (C:\Users\Windows 10\Downloads\ColGnssWeb - copia\backend\dist\main.js:36:5) {
  code: 'EADDRINUSE',
  errno: -4091,
  syscall: 'listen',
  address: '::',
  port: 3001
}

Node.js v26.4.0
